<?xml version="1.0" encoding="UTF-8"?>
<!-- Generated by org.testng.reporters.JUnitReportReporter -->
<testsuite hostname="DESKTOP-N13ARBV" failures="0" tests="1" name="Appium.appuimnew.SmokeTest" time="44.466" errors="0" timestamp="2023-03-14T11:20:26 IST" skipped="0">
  <testcase classname="Appium.appuimnew.SmokeTest" name="firstSmokeMethod" time="44.466"/>
  <system-out/>
</testsuite> <!-- Appium.appuimnew.SmokeTest -->
