<?xml version="1.0" encoding="UTF-8"?>
<!-- Generated by org.testng.reporters.JUnitReportReporter -->
<testsuite hostname="DESKTOP-N13ARBV" failures="0" tests="1" name="Appium.appuimnew.Appiumfirst" time="21.635" errors="0" timestamp="2023-01-06T10:18:33 IST" skipped="0">
  <testcase classname="Appium.appuimnew.Appiumfirst" name="appopen" time="21.635"/>
  <system-out/>
</testsuite> <!-- Appium.appuimnew.Appiumfirst -->
