<?xml version="1.0" encoding="UTF-8"?>
<!-- Generated by org.testng.reporters.JUnitReportReporter -->
<testsuite hostname="DESKTOP-N13ARBV" failures="0" tests="1" name="Appium.appuimnew.Appiumthird" time="21.329" errors="0" timestamp="2023-01-10T10:05:08 IST" skipped="0">
  <testcase classname="Appium.appuimnew.Appiumthird" name="checkbutton" time="21.329"/>
  <system-out/>
</testsuite> <!-- Appium.appuimnew.Appiumthird -->
