<?xml version="1.0" encoding="UTF-8"?>
<!-- Generated by org.testng.reporters.JUnitReportReporter -->
<testsuite hostname="DESKTOP-N13ARBV" failures="0" tests="4" name="com.petstore.Petstore_Test3" time="8.377" errors="0" timestamp="2023-03-10T14:04:43 IST" skipped="0">
  <testcase classname="com.petstore.Petstore_Test3" name="createUser" time="2.225"/>
  <system-out/>
  <testcase classname="com.petstore.Petstore_Test3" name="getUserByName" time="2.159"/>
  <system-out/>
  <testcase classname="com.petstore.Petstore_Test3" name="updateUser" time="1.814"/>
  <system-out/>
  <testcase classname="com.petstore.Petstore_Test3" name="deleteUser" time="2.179"/>
  <system-out/>
</testsuite> <!-- com.petstore.Petstore_Test3 -->
